# Logfile created on 2014-05-09 10:50:50 -0500 by logger.rb/44203
I, [2014-05-09T10:50:50.305966 #2561]  INFO -- : Executing: Select * from users where name = ?;
I, [2014-05-09T10:54:12.257061 #2613]  INFO -- : Executing: Select * from users where name = ?;
I, [2014-05-10T08:07:36.379213 #2083]  INFO -- : Executing: CREATE TABLE users (id INTEGER PRIMARY KEY AUTOINCREMENT, name varchar(50))
I, [2014-05-10T08:07:36.388452 #2083]  INFO -- : Executing: CREATE TABLE notes (id INTEGER PRIMARY KEY AUTOINCREMENT, title varchar(50), tag varchar(10), user_name varchar(20), body varchar(1000))
I, [2014-05-10T08:08:25.781060 #2093]  INFO -- : Executing: Select * from users where name = ?;
I, [2014-05-10T08:08:25.781606 #2093]  INFO -- : Executing: Insert into users (name) values (?);
I, [2014-05-10T08:08:25.790725 #2093]  INFO -- : Executing: SELECT last_insert_rowid();
I, [2014-05-10T08:08:47.118181 #2095]  INFO -- : Executing: Insert into notes (title, tag, user_name) values (?, ?, ?);
I, [2014-05-10T08:08:47.126685 #2095]  INFO -- : Executing: SELECT last_insert_rowid();
I, [2014-05-10T08:08:58.038120 #2097]  INFO -- : Executing: Select count(*) from notes;
I, [2014-05-10T08:09:18.560372 #2099]  INFO -- : Executing: Select * from notes where title='ciao' and user_name='giova';
I, [2014-05-10T08:24:11.673534 #2312]  INFO -- : Executing: Select * from notes where title='ciao' and user_name='giova';
I, [2014-05-10T08:25:58.743704 #2314]  INFO -- : Executing: Select * from notes where title='ciao' and user_name='giova';
I, [2014-05-10T08:26:34.024503 #2316]  INFO -- : Executing: Select * from notes where title='ciao' and user_name='giova';
I, [2014-05-10T08:29:05.288696 #2318]  INFO -- : Executing: Select * from notes where title='ciao' and user_name='giova';
I, [2014-05-10T08:32:52.061431 #2767]  INFO -- : Executing: Select * from notes where title='ciao' and user_name='giova';
I, [2014-05-10T08:37:05.658337 #2769]  INFO -- : Executing: Select * from notes where title='pippo' and user_name='giova';
I, [2014-05-10T08:37:19.046904 #2771]  INFO -- : Executing: Select * from notes where title='ciao' and user_name='lollo';
I, [2014-05-10T08:37:32.614996 #2773]  INFO -- : Executing: Select * from notes where title='ciao' and user_name='giova';
I, [2014-05-10T08:56:54.630018 #2775]  INFO -- : Executing: Select * from users where name = ?;
I, [2014-05-10T08:57:20.525015 #2777]  INFO -- : Executing: Select * from users where name = ?;
I, [2014-05-10T08:57:32.091749 #2777]  INFO -- : Executing: Select * from users where name = ?;
I, [2014-05-10T08:59:56.822019 #2779]  INFO -- : Executing: Select * from users where name = ?;
I, [2014-05-10T09:00:07.909661 #2779]  INFO -- : Executing: Select * from notes where title='ciao' and user_name='giova';
I, [2014-05-10T09:05:32.550403 #2781]  INFO -- : Executing: Select * from users where name = ?;
I, [2014-05-10T09:06:15.984764 #2783]  INFO -- : Executing: Select * from users where name = ?;
I, [2014-05-10T09:06:40.180937 #2785]  INFO -- : Executing: Select * from users where name = ?;
I, [2014-05-10T09:06:45.564125 #2785]  INFO -- : Executing: Select * from notes where tag='fun' and user_name='giova';
I, [2014-05-10T09:30:54.949847 #2798]  INFO -- : Executing: Select * from users where name = ?;
I, [2014-05-10T09:30:56.837513 #2798]  INFO -- : Executing: Select * from notes where user_name='giova';
I, [2014-05-10T09:31:48.652911 #2800]  INFO -- : Executing: Select * from users where name = ?;
I, [2014-05-10T09:31:50.540418 #2800]  INFO -- : Executing: Select * from notes where user_name='giova';
I, [2014-05-10T09:32:18.277146 #2802]  INFO -- : Executing: Select * from users where name = ?;
I, [2014-05-10T09:32:19.796660 #2802]  INFO -- : Executing: Select * from notes where user_name='giova';
I, [2014-05-10T09:32:58.656827 #2804]  INFO -- : Executing: Select * from users where name = ?;
I, [2014-05-10T09:33:00.095696 #2804]  INFO -- : Executing: Select * from notes where user_name='giova';
I, [2014-05-10T09:34:02.378551 #2806]  INFO -- : Executing: Select * from users where name = ?;
I, [2014-05-10T09:34:03.690477 #2806]  INFO -- : Executing: Select * from notes where user_name='giova';
I, [2014-05-10T09:34:38.897964 #2808]  INFO -- : Executing: Insert into notes (title, tag, user_name) values (?, ?, ?);
I, [2014-05-10T09:34:38.906960 #2808]  INFO -- : Executing: SELECT last_insert_rowid();
I, [2014-05-10T09:34:48.721590 #2810]  INFO -- : Executing: Select * from users where name = ?;
I, [2014-05-10T09:34:50.264784 #2810]  INFO -- : Executing: Select * from notes where user_name='giova';
I, [2014-05-10T09:36:04.995730 #2812]  INFO -- : Executing: Select * from users where name = ?;
I, [2014-05-10T09:36:06.619046 #2812]  INFO -- : Executing: Select * from notes where user_name='giova';
I, [2014-05-10T09:37:25.378035 #2814]  INFO -- : Executing: Select * from users where name = ?;
I, [2014-05-10T09:37:26.753142 #2814]  INFO -- : Executing: Select * from notes where user_name='giova';
I, [2014-05-10T09:37:46.815556 #2816]  INFO -- : Executing: Select * from users where name = ?;
I, [2014-05-10T09:37:47.455119 #2816]  INFO -- : Executing: Select * from notes where user_name='giova';
I, [2014-05-10T09:49:51.306680 #2835]  INFO -- : Executing: Select * from users where name = ?;
I, [2014-05-10T09:49:53.258104 #2835]  INFO -- : Executing: Select * from notes where user_name='giova';
I, [2014-05-10T09:51:40.139018 #2837]  INFO -- : Executing: Select * from users where name = ?;
I, [2014-05-10T09:51:41.930495 #2837]  INFO -- : Executing: Select * from notes where user_name='giova';
I, [2014-05-10T09:55:38.147472 #2839]  INFO -- : Executing: Select * from users where name = ?;
I, [2014-05-10T09:55:39.522977 #2839]  INFO -- : Executing: Select * from notes where user_name='giova';
I, [2014-05-10T09:57:15.139842 #2841]  INFO -- : Executing: Select * from users where name = ?;
I, [2014-05-10T09:57:16.331369 #2841]  INFO -- : Executing: Select * from notes where user_name='giova';
I, [2014-05-10T09:57:59.290501 #2843]  INFO -- : Executing: Select * from users where name = ?;
I, [2014-05-10T09:58:00.977856 #2843]  INFO -- : Executing: Select * from notes where user_name='giova';
I, [2014-05-10T09:58:16.460904 #2845]  INFO -- : Executing: Select * from users where name = ?;
I, [2014-05-10T09:58:17.994546 #2845]  INFO -- : Executing: Select * from notes where user_name='giova';
I, [2014-05-10T09:58:46.446748 #2847]  INFO -- : Executing: Select * from users where name = ?;
I, [2014-05-10T09:58:47.893974 #2847]  INFO -- : Executing: Select * from notes where user_name='giova';
I, [2014-05-10T09:59:44.825833 #2849]  INFO -- : Executing: Select * from users where name = ?;
I, [2014-05-10T09:59:45.505035 #2849]  INFO -- : Executing: Select * from notes where user_name='giova';
I, [2014-05-10T10:00:16.325774 #2851]  INFO -- : Executing: Select * from users where name = ?;
I, [2014-05-10T10:00:17.660897 #2851]  INFO -- : Executing: Select * from notes where user_name='giova';
I, [2014-05-10T10:00:39.870972 #2853]  INFO -- : Executing: Select * from users where name = ?;
I, [2014-05-10T10:00:41.421439 #2853]  INFO -- : Executing: Select * from notes where user_name='giova';
I, [2014-05-10T10:01:03.561043 #2855]  INFO -- : Executing: Select * from users where name = ?;
I, [2014-05-10T10:01:04.440858 #2855]  INFO -- : Executing: Select * from notes where user_name='giova';
I, [2014-05-10T10:01:20.083608 #2857]  INFO -- : Executing: Select * from users where name = ?;
I, [2014-05-10T10:01:21.283247 #2857]  INFO -- : Executing: Select * from notes where user_name='giova';
I, [2014-05-10T10:01:37.348607 #2859]  INFO -- : Executing: Select * from users where name = ?;
I, [2014-05-10T10:01:39.371322 #2859]  INFO -- : Executing: Select * from notes where user_name='giova';
I, [2014-05-10T10:01:54.349014 #2861]  INFO -- : Executing: Select * from users where name = ?;
I, [2014-05-10T10:01:55.532837 #2861]  INFO -- : Executing: Select * from notes where user_name='giova';
I, [2014-05-10T10:02:48.951289 #2863]  INFO -- : Executing: Select * from users where name = ?;
I, [2014-05-10T10:02:50.278423 #2863]  INFO -- : Executing: Select * from notes where user_name='giova';
I, [2014-05-10T10:03:58.505484 #2867]  INFO -- : Executing: Select * from users where name = ?;
I, [2014-05-10T10:03:59.832347 #2867]  INFO -- : Executing: Select * from notes where user_name='giova';
I, [2014-05-10T10:05:01.009697 #2881]  INFO -- : Executing: Select * from users where name = ?;
I, [2014-05-10T10:05:03.272574 #2881]  INFO -- : Executing: Select * from notes where user_name='giova';
I, [2014-05-10T10:05:19.900980 #2883]  INFO -- : Executing: Select * from users where name = ?;
I, [2014-05-10T10:05:21.235241 #2883]  INFO -- : Executing: Select * from notes where user_name='giova';
I, [2014-05-10T10:05:54.216595 #2885]  INFO -- : Executing: Select * from users where name = ?;
I, [2014-05-10T10:05:55.599860 #2885]  INFO -- : Executing: Select * from notes where user_name='giova';
I, [2014-05-10T10:06:17.144259 #2887]  INFO -- : Executing: Select * from users where name = ?;
I, [2014-05-10T10:06:18.319429 #2887]  INFO -- : Executing: Select * from notes where user_name='giova';
I, [2014-05-10T10:07:27.944592 #2889]  INFO -- : Executing: Select * from users where name = ?;
I, [2014-05-10T10:07:28.936062 #2889]  INFO -- : Executing: Select * from notes where user_name='giova';
I, [2014-05-10T10:07:45.401666 #2891]  INFO -- : Executing: Select * from users where name = ?;
I, [2014-05-10T10:07:46.696892 #2891]  INFO -- : Executing: Select * from notes where user_name='giova';
I, [2014-05-10T10:08:03.855736 #2893]  INFO -- : Executing: Select * from users where name = ?;
I, [2014-05-10T10:08:05.150971 #2893]  INFO -- : Executing: Select * from notes where user_name='giova';
I, [2014-05-10T10:08:48.608599 #2895]  INFO -- : Executing: Select * from users where name = ?;
I, [2014-05-10T10:08:50.064712 #2895]  INFO -- : Executing: Select * from notes where user_name='giova';
I, [2014-05-10T10:09:18.500761 #2897]  INFO -- : Executing: Select * from users where name = ?;
I, [2014-05-10T10:09:20.099768 #2897]  INFO -- : Executing: Select * from notes where user_name='giova';
I, [2014-05-10T10:10:26.059553 #2899]  INFO -- : Executing: Select * from users where name = ?;
I, [2014-05-10T10:10:27.242901 #2899]  INFO -- : Executing: Select * from notes where user_name='giova';
I, [2014-05-10T10:10:46.913202 #2901]  INFO -- : Executing: Select * from users where name = ?;
I, [2014-05-10T10:10:47.895280 #2901]  INFO -- : Executing: Select * from notes where user_name='giova';
I, [2014-05-10T10:11:24.488517 #2903]  INFO -- : Executing: Select * from users where name = ?;
I, [2014-05-10T10:11:25.374914 #2903]  INFO -- : Executing: Select * from notes where user_name='giova';
I, [2014-05-10T10:11:48.241774 #2905]  INFO -- : Executing: Select * from users where name = ?;
I, [2014-05-10T10:11:49.625521 #2905]  INFO -- : Executing: Select * from notes where user_name='giova';
I, [2014-05-10T10:12:31.022687 #2907]  INFO -- : Executing: Select * from users where name = ?;
I, [2014-05-10T10:12:32.293581 #2907]  INFO -- : Executing: Select * from notes where user_name='giova';
I, [2014-05-10T10:12:49.415206 #2909]  INFO -- : Executing: Select * from users where name = ?;
I, [2014-05-10T10:12:50.542604 #2909]  INFO -- : Executing: Select * from notes where user_name='giova';
I, [2014-05-10T10:21:48.764776 #2914]  INFO -- : Executing: Select * from users where name = ?;
I, [2014-05-10T10:21:56.969309 #2914]  INFO -- : Executing: Select * from users where name = ?;
I, [2014-05-10T10:21:58.233243 #2914]  INFO -- : Executing: Select * from notes where user_name='giova';
I, [2014-05-10T10:22:20.477146 #2916]  INFO -- : Executing: Select * from users where name = ?;
I, [2014-05-10T10:22:21.997055 #2916]  INFO -- : Executing: Select * from notes where user_name='giova';
I, [2014-05-10T10:22:55.267516 #2918]  INFO -- : Executing: Select * from users where name = ?;
I, [2014-05-10T10:22:56.443481 #2918]  INFO -- : Executing: Select * from notes where user_name='giova';
I, [2014-05-10T10:23:15.805293 #2920]  INFO -- : Executing: Select * from users where name = ?;
I, [2014-05-10T10:23:17.324403 #2920]  INFO -- : Executing: Select * from notes where user_name='giova';
I, [2014-05-10T10:23:40.723160 #2922]  INFO -- : Executing: Select * from users where name = ?;
I, [2014-05-10T10:23:41.378919 #2922]  INFO -- : Executing: Select * from notes where user_name='giova';
I, [2014-05-10T10:25:14.793339 #2926]  INFO -- : Executing: Select * from users where name = ?;
I, [2014-05-10T10:25:16.335606 #2926]  INFO -- : Executing: Select * from notes where user_name='giova';
I, [2014-05-10T10:25:39.526993 #2928]  INFO -- : Executing: Select * from users where name = ?;
I, [2014-05-10T10:25:40.837768 #2928]  INFO -- : Executing: Select * from notes where user_name='giova';
I, [2014-05-10T10:25:56.348815 #2930]  INFO -- : Executing: Select * from users where name = ?;
I, [2014-05-10T10:26:08.844836 #2930]  INFO -- : Executing: Select * from notes where user_name='giova';
I, [2014-05-10T10:26:13.973424 #2932]  INFO -- : Executing: Select * from users where name = ?;
I, [2014-05-10T10:26:14.772224 #2932]  INFO -- : Executing: Select * from notes where user_name='giova';
I, [2014-05-10T10:27:05.185496 #2938]  INFO -- : Executing: Select * from users where name = ?;
I, [2014-05-10T10:27:06.656905 #2938]  INFO -- : Executing: Select * from notes where user_name='giova';
I, [2014-05-10T10:29:04.282861 #2940]  INFO -- : Executing: Select * from users where name = ?;
I, [2014-05-10T10:29:04.922237 #2940]  INFO -- : Executing: Select * from notes where user_name='giova';
I, [2014-05-10T10:30:27.157781 #2942]  INFO -- : Executing: Select * from users where name = ?;
I, [2014-05-10T10:30:28.517578 #2942]  INFO -- : Executing: Select * from notes where user_name='giova';
I, [2014-05-10T10:31:59.242255 #2944]  INFO -- : Executing: Select * from users where name = ?;
I, [2014-05-10T10:32:00.497710 #2944]  INFO -- : Executing: Select * from notes where user_name='giova';
I, [2014-05-10T10:33:06.780731 #2946]  INFO -- : Executing: Select * from users where name = ?;
I, [2014-05-10T10:33:07.900296 #2946]  INFO -- : Executing: Select * from notes where user_name='giova';
I, [2014-05-10T10:33:42.545189 #2948]  INFO -- : Executing: Select * from users where name = ?;
I, [2014-05-10T10:33:43.232201 #2948]  INFO -- : Executing: Select * from notes where user_name='giova';
I, [2014-05-10T10:33:59.817644 #2950]  INFO -- : Executing: Select * from users where name = ?;
I, [2014-05-10T10:34:01.080256 #2950]  INFO -- : Executing: Select * from notes where user_name='giova';
I, [2014-05-10T10:35:13.505811 #2952]  INFO -- : Executing: Select * from users where name = ?;
I, [2014-05-10T10:35:13.506374 #2952]  INFO -- : Executing: Insert into users (name) values (?);
I, [2014-05-10T10:35:13.515692 #2952]  INFO -- : Executing: SELECT last_insert_rowid();
I, [2014-05-10T10:45:26.323062 #2954]  INFO -- : Executing: Select * from users where name = ?;
I, [2014-05-10T10:45:39.139729 #2954]  INFO -- : Executing: Select * from users where name = ?;
I, [2014-05-10T10:45:39.140061 #2954]  INFO -- : Executing: Insert into users (name) values (?);
I, [2014-05-10T10:45:39.150893 #2954]  INFO -- : Executing: SELECT last_insert_rowid();
I, [2014-05-10T10:45:59.452100 #2954]  INFO -- : Executing: Insert into notes (title, tag, user_name) values (?, ?, ?);
I, [2014-05-10T10:45:59.460099 #2954]  INFO -- : Executing: SELECT last_insert_rowid();
I, [2014-05-10T10:46:27.845377 #2956]  INFO -- : Executing: Insert into notes (title, tag, user_name) values (?, ?, ?);
I, [2014-05-10T10:46:27.853664 #2956]  INFO -- : Executing: SELECT last_insert_rowid();
I, [2014-05-10T10:57:28.759844 #2970]  INFO -- : Executing: Select * from users where name = ?;
I, [2014-05-10T10:58:03.018700 #2972]  INFO -- : Executing: Select * from users where name = ?;
I, [2014-05-10T10:58:14.570512 #2972]  INFO -- : Executing: Insert into notes (title, tag, user_name) values (?, ?, ?);
I, [2014-05-10T10:58:14.579112 #2972]  INFO -- : Executing: SELECT last_insert_rowid();
I, [2014-05-10T10:58:51.625009 #2974]  INFO -- : Executing: Select * from users where name = ?;
I, [2014-05-10T11:00:13.835001 #2976]  INFO -- : Executing: Select * from users where name = ?;
I, [2014-05-10T11:00:29.813198 #2976]  INFO -- : Executing: Select * from users where name = ?;
I, [2014-05-10T11:00:44.592013 #2976]  INFO -- : Executing: Insert into notes (title, tag, user_name) values (?, ?, ?);
I, [2014-05-10T11:00:44.600498 #2976]  INFO -- : Executing: SELECT last_insert_rowid();
I, [2014-05-10T11:01:02.891191 #2976]  INFO -- : Executing: Select * from users where name = ?;
I, [2014-05-10T11:01:13.131706 #2976]  INFO -- : Executing: Select * from notes where title='ciao' and user_name='giova';
I, [2014-05-10T11:53:55.398260 #2995]  INFO -- : Executing: Select * from users where name = ?;
I, [2014-05-10T11:54:00.220863 #2995]  INFO -- : Executing: Select * from notes where user_name='giova';
I, [2014-05-10T11:55:22.531195 #3001]  INFO -- : Executing: Select * from users where name = ?;
I, [2014-05-10T11:55:23.906572 #3001]  INFO -- : Executing: Select * from notes where user_name='giova';
I, [2014-05-10T11:55:49.828233 #3001]  INFO -- : Executing: Insert into notes (title, tag, user_name) values (?, ?, ?);
I, [2014-05-10T11:55:49.839166 #3001]  INFO -- : Executing: SELECT last_insert_rowid();
I, [2014-05-10T11:56:12.794709 #3003]  INFO -- : Executing: Select * from users where name = ?;
I, [2014-05-10T11:56:19.977898 #3003]  INFO -- : Executing: Select * from notes where title='orizzonte' and user_name='giova';
I, [2014-05-10T11:57:07.190655 #3005]  INFO -- : Executing: Select * from users where name = ?;
I, [2014-05-10T11:57:22.104521 #3005]  INFO -- : Executing: Select * from notes where tag='bho!' and user_name='giova';
I, [2014-05-10T12:10:37.005294 #3011]  INFO -- : Executing: Select * from users where name = ?;
I, [2014-05-10T12:10:42.869175 #3011]  INFO -- : Executing: Select * from notes where title='ciao' and user_name='giova';
I, [2014-05-10T12:11:09.017159 #3013]  INFO -- : Executing: Select * from users where name = ?;
I, [2014-05-10T12:11:14.233645 #3013]  INFO -- : Executing: Select * from notes where title='ciao' and user_name='giova';
I, [2014-05-10T12:13:10.547878 #3015]  INFO -- : Executing: Select * from users where name = ?;
I, [2014-05-10T12:13:16.187166 #3015]  INFO -- : Executing: Select * from notes where title='ciao' and user_name='giova';
I, [2014-05-10T12:15:06.647398 #3017]  INFO -- : Executing: Select * from users where name = ?;
I, [2014-05-10T12:15:10.935144 #3017]  INFO -- : Executing: Select * from notes where title='ciao' and user_name='giova';
I, [2014-05-10T12:17:26.763824 #3034]  INFO -- : Executing: Select * from users where name = ?;
I, [2014-05-10T12:17:31.370230 #3034]  INFO -- : Executing: Select * from notes where title='ciao' and user_name='giova';
I, [2014-05-10T12:22:17.302944 #3044]  INFO -- : Executing: Select * from users where name = ?;
I, [2014-05-10T12:22:22.894794 #3044]  INFO -- : Executing: Select * from notes where title='ciao' and user_name='giova';
I, [2014-05-10T12:24:05.565587 #3046]  INFO -- : Executing: Select * from users where name = ?;
I, [2014-05-10T12:24:08.981427 #3046]  INFO -- : Executing: Select * from notes where title='ciao' and user_name='giova';
I, [2014-05-10T12:25:10.840662 #3048]  INFO -- : Executing: Select * from users where name = ?;
I, [2014-05-10T12:25:15.679714 #3048]  INFO -- : Executing: Select * from notes where tag='fun' and user_name='giova';
I, [2014-05-10T12:27:08.480338 #3048]  INFO -- : Executing: Insert into notes (title, tag, user_name) values (?, ?, ?);
I, [2014-05-10T12:27:08.488227 #3048]  INFO -- : Executing: SELECT last_insert_rowid();
I, [2014-05-10T12:27:30.440418 #3054]  INFO -- : Executing: Select * from users where name = ?;
I, [2014-05-10T12:27:35.528053 #3054]  INFO -- : Executing: Select * from notes where tag='fun' and user_name='giova';
I, [2014-05-10T12:29:10.556965 #3056]  INFO -- : Executing: Select * from users where name = ?;
I, [2014-05-10T12:29:14.867438 #3056]  INFO -- : Executing: Select * from notes where tag='fun' and user_name='giova';
I, [2014-05-10T12:30:47.799810 #3062]  INFO -- : Executing: Select * from users where name = ?;
I, [2014-05-10T12:30:52.151317 #3062]  INFO -- : Executing: Select * from notes where tag='fun' and user_name='giova';
I, [2014-05-10T12:32:06.587279 #3064]  INFO -- : Executing: Select * from users where name = ?;
I, [2014-05-10T12:32:15.155206 #3064]  INFO -- : Executing: Select * from notes where tag='fun' and user_name='giova';
I, [2014-05-10T12:33:58.869679 #3066]  INFO -- : Executing: Select * from users where name = ?;
I, [2014-05-10T12:34:06.197115 #3066]  INFO -- : Executing: Select * from notes where tag='fight' and user_name='france';
I, [2014-05-10T12:46:02.687879 #3068]  INFO -- : Executing: Select * from users where name = ?;
I, [2014-05-10T12:46:04.207192 #3068]  INFO -- : Executing: Select * from notes where user_name='giova';
I, [2014-05-10T13:08:45.477056 #3070]  INFO -- : Executing: Select * from users where name = ?;
I, [2014-05-10T13:09:08.079488 #3070]  INFO -- : Executing: Select * from users where name = ?;
I, [2014-05-10T13:30:45.771370 #3087]  INFO -- : Executing: Select * from users where name = ?;
I, [2014-05-10T13:31:07.277703 #3087]  INFO -- : Executing: Select * from notes where title='orizzonte' and user_name='giova';
I, [2014-05-10T13:31:24.567140 #3087]  INFO -- : Executing: Delete from notes where user_name='giova' and title='orizzonte';
I, [2014-05-10T13:31:38.307143 #3089]  INFO -- : Executing: Select * from users where name = ?;
I, [2014-05-10T13:31:40.314602 #3089]  INFO -- : Executing: Select * from notes where user_name='giova';
I, [2014-05-10T13:32:10.055687 #3091]  INFO -- : Executing: Select * from users where name = ?;
I, [2014-05-10T13:32:20.967417 #3091]  INFO -- : Executing: Select * from notes where title='gallo' and user_name='giova';
I, [2014-05-10T13:32:27.134418 #3091]  INFO -- : Executing: Select * from notes where title='ciao' and user_name='giova';
I, [2014-05-10T13:33:32.174467 #3093]  INFO -- : Executing: Select * from users where name = ?;
I, [2014-05-10T13:33:41.518666 #3093]  INFO -- : Executing: Select * from notes where title='ciao' and user_name='giova';
I, [2014-05-10T13:33:44.374724 #3093]  INFO -- : Executing: Delete from notes where user_name='giova' and title='ciao';
I, [2014-05-10T13:33:54.870944 #3093]  INFO -- : Executing: Insert into notes (title, tag, user_name) values (?, ?, ?);
I, [2014-05-10T13:33:54.879527 #3093]  INFO -- : Executing: SELECT last_insert_rowid();
I, [2014-05-10T14:13:32.042974 #3103]  INFO -- : Executing: Select * from users where name = ?;
I, [2014-05-10T14:14:10.028608 #3105]  INFO -- : Executing: Select * from users where name = ?;
I, [2014-05-10T14:14:15.411945 #3105]  INFO -- : Executing: Select * from notes where title='ciao' and user_name='giova';
I, [2014-05-10T14:15:00.482484 #3105]  INFO -- : Executing: update notes set body='hello cirps!' where user_name='giova' and title='ciao';
I, [2014-05-10T14:15:14.719790 #3111]  INFO -- : Executing: Select * from users where name = ?;
I, [2014-05-10T14:15:21.895417 #3111]  INFO -- : Executing: Select * from notes where title='ciao' and user_name='giova';
I, [2014-05-10T14:15:49.107834 #3113]  INFO -- : Executing: Select * from users where name = ?;
I, [2014-05-10T14:15:53.259477 #3113]  INFO -- : Executing: Select * from notes where title='ciao' and user_name='giova';
I, [2014-05-10T14:18:28.090975 #3118]  INFO -- : Executing: Select * from users where name = ?;
I, [2014-05-10T14:18:31.793309 #3118]  INFO -- : Executing: Select * from notes where title='ciao' and user_name='giova';
I, [2014-05-10T14:19:40.189405 #3124]  INFO -- : Executing: Select * from users where name = ?;
I, [2014-05-10T14:19:44.324598 #3124]  INFO -- : Executing: Select * from notes where title='ciao' and user_name='giova';
I, [2014-05-10T14:21:56.827440 #3126]  INFO -- : Executing: Select * from users where name = ?;
I, [2014-05-10T14:22:01.482855 #3126]  INFO -- : Executing: Select * from notes where title='ciao' and user_name='giova';
I, [2014-05-10T14:22:25.007885 #3128]  INFO -- : Executing: Select * from users where name = ?;
I, [2014-05-10T14:22:29.367465 #3128]  INFO -- : Executing: Select * from notes where title='ciao' and user_name='giova';
I, [2014-05-10T14:26:46.522153 #3130]  INFO -- : Executing: Select * from users where name = ?;
I, [2014-05-10T14:26:51.169693 #3130]  INFO -- : Executing: Select * from notes where title='ciao' and user_name='giova';
I, [2014-05-10T14:29:22.021413 #3134]  INFO -- : Executing: Select * from users where name = ?;
I, [2014-05-10T14:29:25.532884 #3134]  INFO -- : Executing: Select * from notes where title='ciao' and user_name='giova';
I, [2014-05-10T14:29:36.665588 #3134]  INFO -- : Executing: update notes set body='stuff' where user_name='giova' and title='ciao';
I, [2014-05-10T14:29:50.426364 #3136]  INFO -- : Executing: Select * from users where name = ?;
I, [2014-05-10T14:29:58.176888 #3136]  INFO -- : Executing: Select * from notes where title='ciao' and user_name='giova';
I, [2014-05-10T14:30:28.732982 #3138]  INFO -- : Executing: Select * from users where name = ?;
I, [2014-05-10T14:30:32.547648 #3138]  INFO -- : Executing: Select * from notes where title='ciao' and user_name='giova';
I, [2014-05-10T14:44:47.393805 #3148]  INFO -- : Executing: Select * from users where name = ?;
I, [2014-05-10T14:45:01.027238 #3148]  INFO -- : Executing: Insert into notes (title, tag, user_name) values (?, ?, ?);
I, [2014-05-10T14:45:01.035313 #3148]  INFO -- : Executing: SELECT last_insert_rowid();
I, [2014-05-10T14:45:25.844904 #3150]  INFO -- : Executing: Select * from users where name = ?;
I, [2014-05-10T14:45:32.540741 #3150]  INFO -- : Executing: Select * from notes where title='miao' and user_name='giova';
I, [2014-05-10T14:45:42.251131 #3150]  INFO -- : Executing: update notes set body='lnn' where user_name='giova' and title='miao';
I, [2014-05-10T14:46:15.861227 #3152]  INFO -- : Executing: Select * from users where name = ?;
I, [2014-05-10T14:46:24.869458 #3152]  INFO -- : Executing: Select * from notes where title='miao' and user_name='giova';
I, [2014-05-10T14:47:01.311617 #3154]  INFO -- : Executing: Select * from users where name = ?;
I, [2014-05-10T14:47:05.910257 #3154]  INFO -- : Executing: Select * from notes where title='miao' and user_name='giova';
I, [2014-05-10T14:47:37.118044 #3156]  INFO -- : Executing: Select * from users where name = ?;
I, [2014-05-10T14:47:49.274900 #3158]  INFO -- : Executing: Select * from users where name = ?;
I, [2014-05-10T14:47:54.497879 #3158]  INFO -- : Executing: Select * from notes where title='miao' and user_name='giova';
I, [2014-05-10T14:55:28.957577 #3160]  INFO -- : Executing: Select * from users where name = ?;
I, [2014-05-10T14:55:34.341204 #3160]  INFO -- : Executing: Select * from notes where title='bau' and user_name='giova';
I, [2014-05-10T14:56:57.378042 #3162]  INFO -- : Executing: Select * from users where name = ?;
I, [2014-05-10T14:57:21.287850 #3162]  INFO -- : Executing: Insert into notes (title, tag, user_name) values (?, ?, ?);
I, [2014-05-10T14:57:21.298039 #3162]  INFO -- : Executing: SELECT last_insert_rowid();
I, [2014-05-10T14:57:40.201276 #3164]  INFO -- : Executing: Select * from users where name = ?;
I, [2014-05-10T14:57:44.288764 #3164]  INFO -- : Executing: Select * from notes where title='frau' and user_name='giova';
I, [2014-05-10T14:59:47.699472 #3166]  INFO -- : Executing: Select * from users where name = ?;
I, [2014-05-10T14:59:51.739286 #3166]  INFO -- : Executing: Select * from notes where title='ciao' and user_name='giova';
I, [2014-05-10T15:01:25.330482 #3168]  INFO -- : Executing: Select * from users where name = ?;
I, [2014-05-10T15:01:29.122820 #3168]  INFO -- : Executing: Select * from notes where title='ciao' and user_name='giova';
I, [2014-05-10T15:02:07.674695 #3170]  INFO -- : Executing: Select * from users where name = ?;
I, [2014-05-10T15:02:10.938092 #3170]  INFO -- : Executing: Select * from notes where title='ciao' and user_name='giova';
I, [2014-05-10T15:02:38.119841 #3172]  INFO -- : Executing: Select * from users where name = ?;
I, [2014-05-10T15:02:42.182985 #3172]  INFO -- : Executing: Select * from notes where title='ciao' and user_name='giova';
I, [2014-05-10T15:02:55.083788 #3172]  INFO -- : Executing: update notes set body='stuffmore stuff' where user_name='giova' and title='ciao';
I, [2014-05-10T15:03:28.718607 #3174]  INFO -- : Executing: Select * from users where name = ?;
I, [2014-05-10T15:03:32.366484 #3174]  INFO -- : Executing: Select * from notes where title='ciao' and user_name='giova';
I, [2014-05-10T15:04:14.665656 #3174]  INFO -- : Executing: update notes set body='stuffmore stuffieri sono andato al cinema' where user_name='giova' and title='ciao';
I, [2014-05-10T15:04:30.401527 #3176]  INFO -- : Executing: Select * from users where name = ?;
I, [2014-05-10T15:04:34.584832 #3176]  INFO -- : Executing: Select * from notes where title='ciao' and user_name='giova';
I, [2014-05-10T15:07:48.497618 #3176]  INFO -- : Executing: update notes set body='stuffmore stuffieri sono andato al cinemae ho visto l'uomo al bagno' where user_name='giova' and title='ciao';
I, [2014-05-10T15:08:28.511669 #3182]  INFO -- : Executing: Select * from users where name = ?;
I, [2014-05-10T15:08:31.886321 #3182]  INFO -- : Executing: Select * from notes where title='ciao' and user_name='giova';
I, [2014-05-10T15:08:40.270623 #3182]  INFO -- : Executing: update notes set body='stuffmore stuffieri sono andato al cinemae ho visto roba' where user_name='giova' and title='ciao';
I, [2014-05-10T15:08:55.024330 #3184]  INFO -- : Executing: Select * from users where name = ?;
I, [2014-05-10T15:08:58.319865 #3184]  INFO -- : Executing: Select * from notes where title='ciao' and user_name='giova';
I, [2014-05-10T15:09:08.482413 #3184]  INFO -- : Executing: update notes set body='stuffmore stuffieri sono andato al cinemae ho visto robal'uomo' where user_name='giova' and title='ciao';
I, [2014-05-10T15:10:27.058287 #3186]  INFO -- : Executing: Select * from users where name = ?;
I, [2014-05-10T15:10:31.137609 #3186]  INFO -- : Executing: Select * from notes where title='ciao' and user_name='giova';
I, [2014-05-10T15:10:35.457636 #3186]  INFO -- : Executing: update notes set body='stuffmore stuffieri sono andato al cinemae ho visto robal'uomo' where user_name='giova' and title='ciao';
I, [2014-05-10T15:11:27.680295 #3188]  INFO -- : Executing: Select * from users where name = ?;
I, [2014-05-10T15:11:32.871370 #3188]  INFO -- : Executing: Select * from notes where title='ciao' and user_name='giova';
I, [2014-05-10T15:11:40.917458 #3188]  INFO -- : Executing: update notes set body='stuffmore stuffieri sono andato al cinemae ho visto robal'uomo' where user_name='giova' and title='ciao';
I, [2014-05-10T15:12:04.010538 #3190]  INFO -- : Executing: Select * from users where name = ?;
I, [2014-05-10T15:12:08.713930 #3190]  INFO -- : Executing: Select * from notes where title='ciao' and user_name='giova';
I, [2014-05-10T15:12:21.546308 #3190]  INFO -- : Executing: update notes set body='stuffmore stuffieri sono andato al cinemae ho visto roba e poi sono uscito con kristin' where user_name='giova' and title='ciao';
I, [2014-05-10T15:16:14.503169 #3196]  INFO -- : Executing: Select * from users where name = ?;
I, [2014-05-10T15:16:18.046034 #3196]  INFO -- : Executing: Select * from notes where title='ciao' and user_name='giova';
I, [2014-05-10T15:16:38.085216 #3196]  INFO -- : Executing: update notes set body='stuffmore stuffieri sono andato al cinemae ho visto roba e poi sono uscito con kristin , poi siamo andati a prendere il gelato' where user_name='giova' and title='ciao';
I, [2014-05-10T15:16:51.568334 #3198]  INFO -- : Executing: Select * from users where name = ?;
I, [2014-05-10T15:16:55.176218 #3198]  INFO -- : Executing: Select * from notes where title='ciao' and user_name='giova';
I, [2014-05-10T15:17:14.463694 #3198]  INFO -- : Executing: update notes set body='stuffmore stuffieri sono andato al cinemae ho visto roba e poi sono uscito con kristin , poi siamo andati a prendere il gelato ciop' where user_name='giova' and title='ciao';
I, [2014-05-10T15:22:20.541523 #3203]  INFO -- : Executing: Select * from users where name = ?;
I, [2014-05-10T15:22:25.612623 #3203]  INFO -- : Executing: Select * from notes where title='ciao' and user_name='giova';
I, [2014-05-10T15:22:28.948634 #3203]  INFO -- : Executing: update notes set body='stuffmore stuffieri sono andato al cinemae ho visto roba e poi sono uscito con kristin , poi siamo andati a prendere il gelato ciop lollo' where user_name='giova' and title='ciao';
I, [2014-05-10T15:22:40.708762 #3203]  INFO -- : Executing: Select * from notes where title='ciao' and user_name='giova';
I, [2014-05-10T15:22:46.437221 #3203]  INFO -- : Executing: Delete from notes where user_name='giova' and title='ciao';
